<?xml version="1.0" encoding="UTF-8"?>
<!-- Generated by org.testng.reporters.JUnitReportReporter -->
<testsuite hostname="Bakos" failures="0" tests="1"
	name="restApi.PutRequest" time="1.922" errors="0"
	timestamp="2024-02-03T12:17:48 CST" skipped="0">
	<testcase classname="restApi.PutRequest" name="test1"
		time="1.922" />
</testsuite> <!-- restApi.PutRequest -->
