<?xml version="1.0" encoding="UTF-8"?>
<!-- Generated by org.testng.reporters.JUnitReportReporter -->
<testsuite hostname="Bakos" failures="0" tests="1"
	name="restApi.GetRequest" time="2.022" errors="0"
	timestamp="2024-02-03T11:15:41 CST" skipped="0">
	<testcase classname="restApi.GetRequest" name="test"
		time="2.022" />
</testsuite> <!-- restApi.GetRequest -->
