<?xml version="1.0" encoding="UTF-8"?>
<!-- Generated by org.testng.reporters.JUnitReportReporter -->
<testsuite hostname="Bakos" failures="0" tests="1"
	name="restApi.PostRequest" time="2.165" errors="0"
	timestamp="03 Feb 2024 16:01:57 GMT" skipped="0">
	<testcase classname="restApi.PostRequest" name="test1"
		time="2.165" />
</testsuite> <!-- restApi.PostRequest -->
