<?xml version="1.0" encoding="UTF-8"?>
<!-- Generated by org.testng.reporters.JUnitReportReporter -->
<testsuite hostname="Bakos" failures="0" tests="1"
	name="restAPIBDD.RestApiTest" time="4.319" errors="0"
	timestamp="2024-02-04T11:09:29 CST" skipped="0">
	<testcase classname="restAPIBDD.RestApiTest"
		name="getQueryParam" time="4.319" />
</testsuite> <!-- restAPIBDD.RestApiTest -->
