<?xml version="1.0" encoding="UTF-8"?>
<!-- Generated by org.testng.reporters.JUnitReportReporter -->
<testsuite hostname="Bakos" failures="0" tests="1"
	name="restApi.HashMapPost" time="3.978" errors="0"
	timestamp="03 Feb 2024 16:02:23 GMT" skipped="0">
	<testcase classname="restApi.HashMapPost" name="test1"
		time="3.978" />
</testsuite> <!-- restApi.HashMapPost -->
