<?xml version="1.0" encoding="UTF-8"?>
<!-- Generated by org.testng.reporters.JUnitReportReporter -->
<testsuite hostname="Bakos" failures="0" tests="1"
	name="restApi.PostRequestWithJSONFile" time="2.164" errors="0"
	timestamp="03 Feb 2024 16:04:27 GMT" skipped="0">
	<testcase classname="restApi.PostRequestWithJSONFile"
		name="test1" time="2.164" />
</testsuite> <!-- restApi.PostRequestWithJSONFile -->
