<?xml version="1.0" encoding="UTF-8"?>
<!-- Generated by org.testng.reporters.JUnitReportReporter -->
<testsuite hostname="Bakos" failures="0" tests="1"
	name="restApi.DeleteRequest" time="3.196" errors="0"
	timestamp="2024-02-04T09:13:38 CST" skipped="0">
	<testcase classname="restApi.DeleteRequest" name="test1"
		time="3.196" />
</testsuite> <!-- restApi.DeleteRequest -->
