<?xml version="1.0" encoding="UTF-8"?>
<!-- Generated by org.testng.reporters.JUnitReportReporter -->
<testsuite hostname="Bakos" failures="0" tests="1" name="restAPIBDD.Operation" time="4.001" errors="0" timestamp="2024-02-04T20:33:29 CST" skipped="0">
  <testcase classname="restAPIBDD.Operation" name="Delete_BDDDemo" time="4.001"/>
</testsuite> <!-- restAPIBDD.Operation -->
