<?xml version="1.0" encoding="UTF-8"?>
<!-- Generated by org.testng.reporters.JUnitReportReporter -->
<testsuite hostname="Bakos" failures="0" tests="1"
	name="gitHub.GetAllRepo" time="2.064" errors="0"
	timestamp="03 Feb 2024 18:08:15 GMT" skipped="0">
	<testcase classname="gitHub.GetAllRepo" name="gitHub"
		time="2.064" />
</testsuite> <!-- gitHub.GetAllRepo -->
