<?xml version="1.0" encoding="UTF-8"?>
<!-- Generated by org.testng.reporters.JUnitReportReporter -->
<testsuite hostname="Bakos" failures="0" tests="1"
	name="gitHub.DeleteRepo" time="3.628" errors="0"
	timestamp="2024-02-04T09:22:43 CST" skipped="0">
	<testcase classname="gitHub.DeleteRepo" name="test1"
		time="3.628" />
</testsuite> <!-- gitHub.DeleteRepo -->
