<?xml version="1.0" encoding="UTF-8"?>
<!-- Generated by org.testng.reporters.JUnitReportReporter -->
<testsuite hostname="Bakos" failures="0" tests="2" name="restAPIBDD.Operation" time="3.916" errors="0" timestamp="2024-02-04T20:35:17 CST" skipped="0">
  <testcase classname="restAPIBDD.Operation" name="Delete_BDDDemo" time="3.749"/>
  <testcase classname="restAPIBDD.Operation" name="POST_BDDDemo" time="0.167"/>
</testsuite> <!-- restAPIBDD.Operation -->
